myproject/myBluetooth/build/intermediates/manifest_merge_blame_file/debug/manifest-merger-blame-debug-report.txt
1<?xml version="1.0" encoding="utf-8"?>
2<manifest xmlns:android="http://schemas.android.com/apk/res/android"
3    package="com.loumeng.Bluetooth"
4    android:versionCode="1"
5    android:versionName="1.0" >
6
7    <uses-sdk
7-->src\main\AndroidManifest.xml:8:5-47
8        android:minSdkVersion="15"
8-->src\main\AndroidManifest.xml:8:5-47
9        android:targetSdkVersion="16" />
9-->src\main\AndroidManifest.xml:8:15-44
10
11    <uses-permission android:name="android.permission.BLUETOOTH_ADMIN" />
11-->src\main\AndroidManifest.xml:10:5-74
11-->src\main\AndroidManifest.xml:10:22-71
12    <uses-permission android:name="android.permission.BLUETOOTH" />
12-->src\main\AndroidManifest.xml:11:5-68
12-->src\main\AndroidManifest.xml:11:22-65
13    <uses-permission android:name="android.permission.MOUNT_UNMOUNT_FILESYSTEMS" />
13-->src\main\AndroidManifest.xml:12:5-84
13-->src\main\AndroidManifest.xml:12:22-81
14    <uses-permission android:name="android.permission.WRITE_EXTERNAL_STORAGE" />
14-->src\main\AndroidManifest.xml:13:5-81
14-->src\main\AndroidManifest.xml:13:22-78
15    <uses-permission android:name="android.permission.ACCESS_WIFI_STATE" />
15-->src\main\AndroidManifest.xml:14:5-75
15-->src\main\AndroidManifest.xml:14:22-73
16    <uses-permission android:name="android.permission.INTERNET" />
16-->src\main\AndroidManifest.xml:15:5-66
16-->src\main\AndroidManifest.xml:15:22-64
17    <uses-permission android:name="android.permission.READ_PHONE_STATE" />
17-->src\main\AndroidManifest.xml:16:5-75
17-->src\main\AndroidManifest.xml:16:22-72
18
19    <application
19-->src\main\AndroidManifest.xml:18:5-43:19
20        android:debuggable="true"
21        android:icon="@drawable/app_incon_bluetooth"
21-->src\main\AndroidManifest.xml:19:9-53
22        android:label="蓝牙串口助手"
22-->src\main\AndroidManifest.xml:20:9-31
23        android:theme="@style/ctivityTheme" >
23-->src\main\AndroidManifest.xml:21:9-44
24        <activity
24-->src\main\AndroidManifest.xml:23:9-33:20
25            android:name="com.loumeng.activity.BluetoothChat"
25-->src\main\AndroidManifest.xml:24:13-62
26            android:configChanges="orientation|keyboardHidden"
26-->src\main\AndroidManifest.xml:25:13-63
27            android:label="@string/app_name"
27-->src\main\AndroidManifest.xml:26:13-45
28            android:theme="@style/ctivityTheme" >
28-->src\main\AndroidManifest.xml:27:13-48
29            <intent-filter>
29-->src\main\AndroidManifest.xml:29:13-32:29
30                <action android:name="android.intent.action.MAIN" />
30-->src\main\AndroidManifest.xml:30:17-69
30-->src\main\AndroidManifest.xml:30:25-66
31
32                <category android:name="android.intent.category.LAUNCHER" />
32-->src\main\AndroidManifest.xml:31:17-77
32-->src\main\AndroidManifest.xml:31:27-74
33            </intent-filter>
34        </activity>
35        <activity
35-->src\main\AndroidManifest.xml:35:9-39:59
36            android:name="com.loumeng.Bluetooth.DeviceListActivity"
36-->src\main\AndroidManifest.xml:36:13-68
37            android:configChanges="orientation|keyboardHidden"
37-->src\main\AndroidManifest.xml:37:13-63
38            android:theme="@android:style/Theme.Dialog" />
38-->src\main\AndroidManifest.xml:39:13-56
39    </application>
40
41</manifest>